<?xml version="1.0" encoding="UTF-8"?><testsuite errors="1" failures="0" name="HU-001 Buscador Ebay" skipped="0" tests="2" time="23.67" timestamp="2021-12-17 10:42:37"><testcase name="Busqueda exitosa de un producto"/><testcase name="Busqueda fallida de un producto"><error message="no such element: Unable to locate element: {&quot;method&quot;:&quot;xpath&quot;,&quot;selector&quot;:&quot;//li[@class='s-item s-item__pl-on-bottom']//div[@class='s-item__wrapper clearfix']//h3[contains(text(),'Google Pixel 2 XL 64GB Unlocked')]&quot;}&#10;  (Session info: chrome=96.0.4664.110)&#10;For documentation on this error, please visit: https://www.seleniumhq.org/exceptions/no_such_element.html&#10;Build info: version: '3.141.59', revision: 'e82be7d358', time: '2018-11-14T08:17:03'&#10;System info: host: 'DESKTOP-MCHLLRL', ip: '169.254.126.13', os.name: 'Windows 10', os.arch: 'amd64', os.version: '10.0', java.version: '11.0.11'&#10;Driver info: org.openqa.selenium.chrome.ChromeDriver&#10;Capabilities {acceptInsecureCerts: false, browserName: chrome, browserVersion: 96.0.4664.110, chrome: {chromedriverVersion: 96.0.4664.45 (76e4c1bb2ab46..., userDataDir: C:\Users\Daniela\AppData\Lo...}, goog:chromeOptions: {debuggerAddress: localhost:18587}, javascriptEnabled: true, networkConnectionEnabled: false, pageLoadStrategy: normal, platform: WINDOWS, platformName: WINDOWS, proxy: Proxy(), setWindowRect: true, strictFileInteractability: false, timeouts: {implicit: 0, pageLoad: 300000, script: 30000}, unhandledPromptBehavior: dismiss and notify, webauthn:extension:credBlob: true, webauthn:extension:largeBlob: true, webauthn:virtualAuthenticators: true}&#10;Session ID: d8c3d2249f3b9fe5ce59bea79902c4bb&#10;*** Element info: {Using=xpath, value=//li[@class='s-item s-item__pl-on-bottom']//div[@class='s-item__wrapper clearfix']//h3[contains(text(),'Google Pixel 2 XL 64GB Unlocked')]}&#10;For documentation on this error, please visit: https://www.seleniumhq.org/exceptions/no_such_element.html&#10;Build info: version: '3.141.59', revision: 'e82be7d358', time: '2018-11-14T08:17:03'&#10;System info: host: 'DESKTOP-MCHLLRL', ip: '169.254.126.13', os.name: 'Windows 10', os.arch: 'amd64', os.version: '10.0', java.version: '11.0.11'&#10;Driver info: driver.version: unknown" type="org.openqa.selenium.NoSuchElementException">no such element: Unable to locate element: {"method":"xpath","selector":"//li[@class='s-item s-item__pl-on-bottom']//div[@class='s-item__wrapper clearfix']//h3[contains(text(),'Google Pixel 2 XL 64GB Unlocked')]"}
  (Session info: chrome=96.0.4664.110)
For documentation on this error, please visit: https://www.seleniumhq.org/exceptions/no_such_element.html
Build info: version: '3.141.59', revision: 'e82be7d358', time: '2018-11-14T08:17:03'
System info: host: 'DESKTOP-MCHLLRL', ip: '169.254.126.13', os.name: 'Windows 10', os.arch: 'amd64', os.version: '10.0', java.version: '11.0.11'
Driver info: org.openqa.selenium.chrome.ChromeDriver
Capabilities {acceptInsecureCerts: false, browserName: chrome, browserVersion: 96.0.4664.110, chrome: {chromedriverVersion: 96.0.4664.45 (76e4c1bb2ab46..., userDataDir: C:\Users\Daniela\AppData\Lo...}, goog:chromeOptions: {debuggerAddress: localhost:18587}, javascriptEnabled: true, networkConnectionEnabled: false, pageLoadStrategy: normal, platform: WINDOWS, platformName: WINDOWS, proxy: Proxy(), setWindowRect: true, strictFileInteractability: false, timeouts: {implicit: 0, pageLoad: 300000, script: 30000}, unhandledPromptBehavior: dismiss and notify, webauthn:extension:credBlob: true, webauthn:extension:largeBlob: true, webauthn:virtualAuthenticators: true}
Session ID: d8c3d2249f3b9fe5ce59bea79902c4bb
*** Element info: {Using=xpath, value=//li[@class='s-item s-item__pl-on-bottom']//div[@class='s-item__wrapper clearfix']//h3[contains(text(),'Google Pixel 2 XL 64GB Unlocked')]}
For documentation on this error, please visit: https://www.seleniumhq.org/exceptions/no_such_element.html
Build info: version: '3.141.59', revision: 'e82be7d358', time: '2018-11-14T08:17:03'
System info: host: 'DESKTOP-MCHLLRL', ip: '169.254.126.13', os.name: 'Windows 10', os.arch: 'amd64', os.version: '10.0', java.version: '11.0.11'
Driver info: driver.version: unknown</error><system-err>no such element: Unable to locate element: {"method":"xpath","selector":"//li[@class='s-item s-item__pl-on-bottom']//div[@class='s-item__wrapper clearfix']//h3[contains(text(),'Google Pixel 2 XL 64GB Unlocked')]"}
  (Session info: chrome=96.0.4664.110)
For documentation on this error, please visit: https://www.seleniumhq.org/exceptions/no_such_element.html
Build info: version: '3.141.59', revision: 'e82be7d358', time: '2018-11-14T08:17:03'
System info: host: 'DESKTOP-MCHLLRL', ip: '169.254.126.13', os.name: 'Windows 10', os.arch: 'amd64', os.version: '10.0', java.version: '11.0.11'
Driver info: org.openqa.selenium.chrome.ChromeDriver
Capabilities {acceptInsecureCerts: false, browserName: chrome, browserVersion: 96.0.4664.110, chrome: {chromedriverVersion: 96.0.4664.45 (76e4c1bb2ab46..., userDataDir: C:\Users\Daniela\AppData\Lo...}, goog:chromeOptions: {debuggerAddress: localhost:18587}, javascriptEnabled: true, networkConnectionEnabled: false, pageLoadStrategy: normal, platform: WINDOWS, platformName: WINDOWS, proxy: Proxy(), setWindowRect: true, strictFileInteractability: false, timeouts: {implicit: 0, pageLoad: 300000, script: 30000}, unhandledPromptBehavior: dismiss and notify, webauthn:extension:credBlob: true, webauthn:extension:largeBlob: true, webauthn:virtualAuthenticators: true}
Session ID: d8c3d2249f3b9fe5ce59bea79902c4bb
*** Element info: {Using=xpath, value=//li[@class='s-item s-item__pl-on-bottom']//div[@class='s-item__wrapper clearfix']//h3[contains(text(),'Google Pixel 2 XL 64GB Unlocked')]}
For documentation on this error, please visit: https://www.seleniumhq.org/exceptions/no_such_element.html
Build info: version: '3.141.59', revision: 'e82be7d358', time: '2018-11-14T08:17:03'
System info: host: 'DESKTOP-MCHLLRL', ip: '169.254.126.13', os.name: 'Windows 10', os.arch: 'amd64', os.version: '10.0', java.version: '11.0.11'
Driver info: driver.version: unknown&#13;
steps.EbaySteps.buscarElementoEnEbay(EbaySteps.java:24)&#13;
stepsDefinitions.EbayStepsFallidoYExitoso.hallarUnProducto(EbayStepsFallidoYExitoso.java:14)&#13;
✽.Hallar un producto(src/test/resources/features/EbayFallidoYExitoso.feature:17)&#13;
</system-err></testcase></testsuite>